#
# There is insufficient memory for the Java Runtime Environment to continue.
# Native memory allocation (malloc) failed to allocate 32784 bytes for Chunk::new
# Possible reasons:
#   The system is out of physical RAM or swap space
#   In 32 bit mode, the process size limit was hit
# Possible solutions:
#   Reduce memory load on the system
#   Increase physical memory or swap space
#   Check if swap backing store is full
#   Use 64 bit Java on a 64 bit OS
#   Decrease Java heap size (-Xmx/-Xms)
#   Decrease number of Java threads
#   Decrease Java thread stack sizes (-Xss)
#   Set larger code cache with -XX:ReservedCodeCacheSize=
# This output file may be truncated or incomplete.
#
#  Out of Memory Error (allocation.cpp:390), pid=11064, tid=0x0000000000002f54
#
# JRE version: Java(TM) SE Runtime Environment (8.0_121-b13) (build 1.8.0_121-b13)
# Java VM: Java HotSpot(TM) 64-Bit Server VM (25.121-b13 mixed mode windows-amd64 compressed oops)
# Failed to write core dump. Minidumps are not enabled by default on client versions of Windows
#

---------------  T H R E A D  ---------------

Current thread (0x00000000179b7000):  JavaThread "C2 CompilerThread1" daemon [_thread_in_native, id=12116, stack(0x0000000019740000,0x0000000019840000)]

Stack: [0x0000000019740000,0x0000000019840000]
[error occurred during error reporting (printing stack bounds), id 0xc0000005]

Native frames: (J=compiled Java code, j=interpreted, Vv=VM code, C=native code)


Current CompileTask:
C2:30797645 3341   !   4       sun.awt.PostEventQueue::flush (168 bytes)


---------------  P R O C E S S  ---------------

Java Threads: ( => current thread )
  0x0000000023de3800 JavaThread "DestroyJavaVM" [_thread_blocked, id=4548, stack(0x0000000002980000,0x0000000002a80000)]
  0x000000001a852000 JavaThread "TimerQueue" daemon [_thread_blocked, id=4728, stack(0x00000000283b0000,0x00000000284b0000)]
  0x000000001a84d000 JavaThread "D3D Screen Updater" daemon [_thread_blocked, id=10020, stack(0x00000000282b0000,0x00000000283b0000)]
  0x000000001a84d800 JavaThread "tile-pool-3" daemon [_thread_blocked, id=7048, stack(0x0000000025eb0000,0x0000000025fb0000)]
  0x000000001a84f000 JavaThread "tile-pool-2" daemon [_thread_blocked, id=11552, stack(0x0000000025db0000,0x0000000025eb0000)]
  0x000000001a850800 JavaThread "tile-pool-1" daemon [_thread_blocked, id=6328, stack(0x0000000025cb0000,0x0000000025db0000)]
  0x000000001a851800 JavaThread "tile-pool-0" daemon [_thread_blocked, id=10200, stack(0x0000000025bb0000,0x0000000025cb0000)]
  0x000000001a850000 JavaThread "Prism Font Disposer" daemon [_thread_blocked, id=12220, stack(0x00000000252b0000,0x00000000253b0000)]
  0x000000001a70a000 JavaThread "AWT-EventQueue-0" [_thread_blocked, id=6512, stack(0x0000000023910000,0x0000000023a10000)]
  0x000000001a2c3000 JavaThread "AWT-Windows" daemon [_thread_in_native, id=8884, stack(0x0000000022d10000,0x0000000022e10000)]
  0x000000001a6f6800 JavaThread "AWT-Shutdown" [_thread_blocked, id=9996, stack(0x0000000022c10000,0x0000000022d10000)]
  0x000000001a2c2800 JavaThread "Java2D Disposer" daemon [_thread_blocked, id=9156, stack(0x0000000022b10000,0x0000000022c10000)]
  0x000000001a194800 JavaThread "Thread-2" daemon [_thread_in_native, id=11216, stack(0x000000001f9c0000,0x000000001fac0000)]
  0x000000001a094800 JavaThread "Thread-1" daemon [_thread_blocked, id=9368, stack(0x000000001b2c0000,0x000000001b3c0000)]
  0x00000000199d6800 JavaThread "Service Thread" daemon [_thread_blocked, id=8848, stack(0x0000000019d40000,0x0000000019e40000)]
  0x00000000179bc000 JavaThread "C1 CompilerThread2" daemon [_thread_blocked, id=9732, stack(0x0000000019840000,0x0000000019940000)]
=>0x00000000179b7000 JavaThread "C2 CompilerThread1" daemon [_thread_in_native, id=12116, stack(0x0000000019740000,0x0000000019840000)]
  0x00000000179b3800 JavaThread "C2 CompilerThread0" daemon [_thread_blocked, id=7248, stack(0x0000000019640000,0x0000000019740000)]
  0x00000000179ad800 JavaThread "Attach Listener" daemon [_thread_blocked, id=6056, stack(0x0000000019540000,0x0000000019640000)]
  0x00000000179ac800 JavaThread "Signal Dispatcher" daemon [_thread_blocked, id=3400, stack(0x0000000019440000,0x0000000019540000)]
  0x000000001799c000 JavaThread "Finalizer" daemon [_thread_blocked, id=8000, stack(0x0000000019240000,0x0000000019340000)]
  0x0000000002b71800 JavaThread "Reference Handler" daemon [_thread_blocked, id=7824, stack(0x0000000019140000,0x0000000019240000)]

Other Threads:
  0x0000000017978000 VMThread [stack: 0x0000000019040000,0x0000000019140000] [id=6020]
  0x00000000199db000 WatcherThread [stack: 0x0000000019f80000,0x000000001a080000] [id=5488]

VM state:not at safepoint (normal execution)

VM Mutex/Monitor currently owned by a thread: None

Heap:
 PSYoungGen      total 144384K, used 48826K [0x00000000d5700000, 0x00000000df500000, 0x0000000100000000)
  eden space 131584K, 37% used [0x00000000d5700000,0x00000000d86ae8c8,0x00000000dd780000)
  from space 12800K, 0% used [0x00000000de580000,0x00000000de580000,0x00000000df200000)
  to   space 14336K, 0% used [0x00000000dd780000,0x00000000dd780000,0x00000000de580000)
 ParOldGen       total 82432K, used 25223K [0x0000000080400000, 0x0000000085480000, 0x00000000d5700000)
  object space 82432K, 30% used [0x0000000080400000,0x0000000081ca1f38,0x0000000085480000)
 Metaspace       used 22933K, capacity 23682K, committed 23808K, reserved 1069056K
  class space    used 3050K, capacity 3218K, committed 3328K, reserved 1048576K

Card table byte_map: [0x0000000011f40000,0x0000000012340000] byte_map_base: 0x0000000011b3e000

Marking Bits: (ParMarkBitMap*) 0x000000006e7db6d0
 Begin Bits: [0x0000000012bf0000, 0x0000000014be0000)
 End Bits:   [0x0000000014be0000, 0x0000000016bd0000)

Polling page: 0x0000000002800000

CodeCache: size=245760Kb used=8815Kb max_used=8830Kb free=236944Kb
 bounds [0x0000000002b80000, 0x0000000003430000, 0x0000000011b80000]
 total_blobs=3850 nmethods=3027 adapters=735
 compilation: enabled

Compilation events (10 events):
Event: 2896.312 Thread 0x00000000179bc000 nmethod 3336 0x0000000003015e10 code [0x0000000003015fc0, 0x0000000003016578]
Event: 30308.777 Thread 0x00000000179bc000 3337       3       java.util.WeakHashMap$KeyIterator::next (8 bytes)
Event: 30308.778 Thread 0x00000000179bc000 nmethod 3337 0x000000000340dd90 code [0x000000000340df20, 0x000000000340e2e8]
Event: 30308.778 Thread 0x00000000179bc000 3338       3       java.util.IdentityHashMap$IdentityHashMapIterator::<init> (6 bytes)
Event: 30308.778 Thread 0x00000000179bc000 nmethod 3338 0x0000000002d9d390 code [0x0000000002d9d500, 0x0000000002d9d688]
Event: 30308.778 Thread 0x00000000179bc000 3339       3       java.util.IdentityHashMap$IdentityHashMapIterator::<init> (63 bytes)
Event: 30308.778 Thread 0x00000000179bc000 nmethod 3339 0x0000000003093190 code [0x0000000003093300, 0x0000000003093570]
Event: 30310.214 Thread 0x00000000179b3800 3340       4       java.awt.AWTEvent::<init> (81 bytes)
Event: 30310.238 Thread 0x00000000179b3800 nmethod 3340 0x0000000003424350 code [0x0000000003424500, 0x0000000003425268]
Event: 30794.136 Thread 0x00000000179b7000 3341   !   4       sun.awt.PostEventQueue::flush (168 bytes)

GC Heap History (10 events):
Event: 1.367 GC heap before
{Heap before GC invocations=3 (full 0):
 PSYoungGen      total 38400K, used 38394K [0x00000000d5700000, 0x00000000da200000, 0x0000000100000000)
  eden space 33280K, 100% used [0x00000000d5700000,0x00000000d7780000,0x00000000d7780000)
  from space 5120K, 99% used [0x00000000d7c80000,0x00000000d817eb88,0x00000000d8180000)
  to   space 5120K, 0% used [0x00000000d7780000,0x00000000d7780000,0x00000000d7c80000)
 ParOldGen       total 87552K, used 1904K [0x0000000080400000, 0x0000000085980000, 0x00000000d5700000)
  object space 87552K, 2% used [0x0000000080400000,0x00000000805dc000,0x0000000085980000)
 Metaspace       used 9369K, capacity 9762K, committed 10112K, reserved 1058816K
  class space    used 1148K, capacity 1309K, committed 1408K, reserved 1048576K
Event: 1.377 GC heap after
Heap after GC invocations=3 (full 0):
 PSYoungGen      total 38400K, used 5113K [0x00000000d5700000, 0x00000000da200000, 0x0000000100000000)
  eden space 33280K, 0% used [0x00000000d5700000,0x00000000d5700000,0x00000000d7780000)
  from space 5120K, 99% used [0x00000000d7780000,0x00000000d7c7e580,0x00000000d7c80000)
  to   space 5120K, 0% used [0x00000000d9d00000,0x00000000d9d00000,0x00000000da200000)
 ParOldGen       total 87552K, used 4672K [0x0000000080400000, 0x0000000085980000, 0x00000000d5700000)
  object space 87552K, 5% used [0x0000000080400000,0x0000000080890000,0x0000000085980000)
 Metaspace       used 9369K, capacity 9762K, committed 10112K, reserved 1058816K
  class space    used 1148K, capacity 1309K, committed 1408K, reserved 1048576K
}
Event: 1.416 GC heap before
{Heap before GC invocations=4 (full 0):
 PSYoungGen      total 38400K, used 38393K [0x00000000d5700000, 0x00000000da200000, 0x0000000100000000)
  eden space 33280K, 100% used [0x00000000d5700000,0x00000000d7780000,0x00000000d7780000)
  from space 5120K, 99% used [0x00000000d7780000,0x00000000d7c7e580,0x00000000d7c80000)
  to   space 5120K, 0% used [0x00000000d9d00000,0x00000000d9d00000,0x00000000da200000)
 ParOldGen       total 87552K, used 4672K [0x0000000080400000, 0x0000000085980000, 0x00000000d5700000)
  object space 87552K, 5% used [0x0000000080400000,0x0000000080890000,0x0000000085980000)
 Metaspace       used 9371K, capacity 9762K, committed 10112K, reserved 1058816K
  class space    used 1148K, capacity 1309K, committed 1408K, reserved 1048576K
Event: 1.426 GC heap after
Heap after GC invocations=4 (full 0):
 PSYoungGen      total 71680K, used 5089K [0x00000000d5700000, 0x00000000da200000, 0x0000000100000000)
  eden space 66560K, 0% used [0x00000000d5700000,0x00000000d5700000,0x00000000d9800000)
  from space 5120K, 99% used [0x00000000d9d00000,0x00000000da1f8718,0x00000000da200000)
  to   space 5120K, 0% used [0x00000000d9800000,0x00000000d9800000,0x00000000d9d00000)
 ParOldGen       total 87552K, used 7400K [0x0000000080400000, 0x0000000085980000, 0x00000000d5700000)
  object space 87552K, 8% used [0x0000000080400000,0x0000000080b3a000,0x0000000085980000)
 Metaspace       used 9371K, capacity 9762K, committed 10112K, reserved 1058816K
  class space    used 1148K, capacity 1309K, committed 1408K, reserved 1048576K
}
Event: 1.864 GC heap before
{Heap before GC invocations=5 (full 0):
 PSYoungGen      total 71680K, used 71649K [0x00000000d5700000, 0x00000000da200000, 0x0000000100000000)
  eden space 66560K, 100% used [0x00000000d5700000,0x00000000d9800000,0x00000000d9800000)
  from space 5120K, 99% used [0x00000000d9d00000,0x00000000da1f8718,0x00000000da200000)
  to   space 5120K, 0% used [0x00000000d9800000,0x00000000d9800000,0x00000000d9d00000)
 ParOldGen       total 87552K, used 7400K [0x0000000080400000, 0x0000000085980000, 0x00000000d5700000)
  object space 87552K, 8% used [0x0000000080400000,0x0000000080b3a000,0x0000000085980000)
 Metaspace       used 16593K, capacity 17066K, committed 17280K, reserved 1064960K
  class space    used 2172K, capacity 2318K, committed 2432K, reserved 1048576K
Event: 1.883 GC heap after
Heap after GC invocations=5 (full 0):
 PSYoungGen      total 71680K, used 5113K [0x00000000d5700000, 0x00000000df200000, 0x0000000100000000)
  eden space 66560K, 0% used [0x00000000d5700000,0x00000000d5700000,0x00000000d9800000)
  from space 5120K, 99% used [0x00000000d9800000,0x00000000d9cfe540,0x00000000d9d00000)
  to   space 12800K, 0% used [0x00000000de580000,0x00000000de580000,0x00000000df200000)
 ParOldGen       total 87552K, used 14091K [0x0000000080400000, 0x0000000085980000, 0x00000000d5700000)
  object space 87552K, 16% used [0x0000000080400000,0x00000000811c2e90,0x0000000085980000)
 Metaspace       used 16593K, capacity 17066K, committed 17280K, reserved 1064960K
  class space    used 2172K, capacity 2318K, committed 2432K, reserved 1048576K
}
Event: 3.064 GC heap before
{Heap before GC invocations=6 (full 0):
 PSYoungGen      total 71680K, used 24637K [0x00000000d5700000, 0x00000000df200000, 0x0000000100000000)
  eden space 66560K, 29% used [0x00000000d5700000,0x00000000d6a10f78,0x00000000d9800000)
  from space 5120K, 99% used [0x00000000d9800000,0x00000000d9cfe540,0x00000000d9d00000)
  to   space 12800K, 0% used [0x00000000de580000,0x00000000de580000,0x00000000df200000)
 ParOldGen       total 87552K, used 14091K [0x0000000080400000, 0x0000000085980000, 0x00000000d5700000)
  object space 87552K, 16% used [0x0000000080400000,0x00000000811c2e90,0x0000000085980000)
 Metaspace       used 20545K, capacity 21238K, committed 21296K, reserved 1067008K
  class space    used 2760K, capacity 2930K, committed 2944K, reserved 1048576K
Event: 3.074 GC heap after
Heap after GC invocations=6 (full 0):
 PSYoungGen      total 144384K, used 11722K [0x00000000d5700000, 0x00000000df500000, 0x0000000100000000)
  eden space 131584K, 0% used [0x00000000d5700000,0x00000000d5700000,0x00000000dd780000)
  from space 12800K, 91% used [0x00000000de580000,0x00000000df0f2ab8,0x00000000df200000)
  to   space 14336K, 0% used [0x00000000dd780000,0x00000000dd780000,0x00000000de580000)
 ParOldGen       total 87552K, used 14099K [0x0000000080400000, 0x0000000085980000, 0x00000000d5700000)
  object space 87552K, 16% used [0x0000000080400000,0x00000000811c4e90,0x0000000085980000)
 Metaspace       used 20545K, capacity 21238K, committed 21296K, reserved 1067008K
  class space    used 2760K, capacity 2930K, committed 2944K, reserved 1048576K
}
Event: 3.074 GC heap before
{Heap before GC invocations=7 (full 1):
 PSYoungGen      total 144384K, used 11722K [0x00000000d5700000, 0x00000000df500000, 0x0000000100000000)
  eden space 131584K, 0% used [0x00000000d5700000,0x00000000d5700000,0x00000000dd780000)
  from space 12800K, 91% used [0x00000000de580000,0x00000000df0f2ab8,0x00000000df200000)
  to   space 14336K, 0% used [0x00000000dd780000,0x00000000dd780000,0x00000000de580000)
 ParOldGen       total 87552K, used 14099K [0x0000000080400000, 0x0000000085980000, 0x00000000d5700000)
  object space 87552K, 16% used [0x0000000080400000,0x00000000811c4e90,0x0000000085980000)
 Metaspace       used 20545K, capacity 21238K, committed 21296K, reserved 1067008K
  class space    used 2760K, capacity 2930K, committed 2944K, reserved 1048576K
Event: 3.373 GC heap after
Heap after GC invocations=7 (full 1):
 PSYoungGen      total 144384K, used 0K [0x00000000d5700000, 0x00000000df500000, 0x0000000100000000)
  eden space 131584K, 0% used [0x00000000d5700000,0x00000000d5700000,0x00000000dd780000)
  from space 12800K, 0% used [0x00000000de580000,0x00000000de580000,0x00000000df200000)
  to   space 14336K, 0% used [0x00000000dd780000,0x00000000dd780000,0x00000000de580000)
 ParOldGen       total 82432K, used 25223K [0x0000000080400000, 0x0000000085480000, 0x00000000d5700000)
  object space 82432K, 30% used [0x0000000080400000,0x0000000081ca1f38,0x0000000085480000)
 Metaspace       used 20545K, capacity 21238K, committed 21296K, reserved 1067008K
  class space    used 2760K, capacity 2930K, committed 2944K, reserved 1048576K
}

Deoptimization events (10 events):
Event: 2.109 Thread 0x000000001a84d800 Uncommon trap: reason=class_check action=maybe_recompile pc=0x0000000002e5a24c method=java.io.BufferedOutputStream.flushBuffer()V @ 20
Event: 2.109 Thread 0x000000001a84d800 Uncommon trap: reason=class_check action=maybe_recompile pc=0x0000000002e5a190 method=java.io.BufferedOutputStream.flush()V @ 8
Event: 2.109 Thread 0x000000001a84d800 Uncommon trap: reason=class_check action=maybe_recompile pc=0x0000000002e5a190 method=java.io.BufferedOutputStream.flush()V @ 8
Event: 2.994 Thread 0x000000001a095800 Uncommon trap: reason=unstable_if action=reinterpret pc=0x0000000002f4f3f8 method=jdk.internal.org.objectweb.asm.Type.getArgumentsAndReturnSizes(Ljava/lang/String;)I @ 47
Event: 14.085 Thread 0x000000001a095800 Uncommon trap: reason=unstable_if action=reinterpret pc=0x0000000002e925fc method=java.lang.Math.round(D)J @ 48
Event: 14.714 Thread 0x0000000023de3800 Uncommon trap: reason=unstable_if action=reinterpret pc=0x000000000323eb44 method=java.security.AccessControlContext.optimize()Ljava/security/AccessControlContext; @ 49
Event: 1272.234 Thread 0x000000001a70a000 Uncommon trap: reason=class_check action=maybe_recompile pc=0x00000000033dcb40 method=java.awt.EventQueue.coalesceEvent(Ljava/awt/AWTEvent;I)Z @ 61
Event: 1273.792 Thread 0x000000001a70a000 Uncommon trap: reason=class_check action=maybe_recompile pc=0x00000000033dcb40 method=java.awt.EventQueue.coalesceEvent(Ljava/awt/AWTEvent;I)Z @ 61
Event: 1335.467 Thread 0x000000001a70a000 Uncommon trap: reason=class_check action=maybe_recompile pc=0x00000000033dcb40 method=java.awt.EventQueue.coalesceEvent(Ljava/awt/AWTEvent;I)Z @ 61
Event: 1360.888 Thread 0x000000001a70a000 Uncommon trap: reason=class_check action=maybe_recompile pc=0x00000000033dcb40 method=java.awt.EventQueue.coalesceEvent(Ljava/awt/AWTEvent;I)Z @ 61

Internal exceptions (10 events):
Event: 1.542 Thread 0x000000001a095800 Exception <a 'java/io/FileNotFoundException'> (0x00000000d8e8e9b0) thrown at [C:\re\workspace\8-2-build-windows-amd64-cygwin\jdk8u121\8372\hotspot\src\share\vm\prims\jni.cpp, line 709]
Event: 1.566 Thread 0x000000001a095800 Exception <a 'java/lang/NoClassDefFoundError': org/apache/log4j/Priority> (0x00000000d8f23c28) thrown at [C:\re\workspace\8-2-build-windows-amd64-cygwin\jdk8u121\8372\hotspot\src\share\vm\classfile\systemDictionary.cpp, line 199]
Event: 1.686 Thread 0x000000001a095800 Implicit null exception at 0x0000000002e199b5 to 0x0000000002e19cf9
Event: 1.686 Thread 0x000000001a095800 Implicit null exception at 0x0000000002e5ae1b to 0x0000000002e5af03
Event: 1.689 Thread 0x000000001a095800 Implicit null exception at 0x0000000002e5b5af to 0x0000000002e5b656
Event: 1.730 Thread 0x000000001a095800 Exception <a 'java/lang/NullPointerException'> (0x00000000d92a8318) thrown at [C:\re\workspace\8-2-build-windows-amd64-cygwin\jdk8u121\8372\hotspot\src\share\vm\interpreter\linkResolver.cpp, line 1178]
Event: 1.730 Thread 0x000000001a095800 Exception <a 'java/lang/NullPointerException'> (0x00000000d92a8318) thrown at [C:\re\workspace\8-2-build-windows-amd64-cygwin\jdk8u121\8372\hotspot\src\share\vm\prims\jvm.cpp, line 1394]
Event: 1.777 Thread 0x000000001a70a000 Implicit null exception at 0x0000000002e90c56 to 0x0000000002e90fcd
Event: 1.777 Thread 0x000000001a70a000 Implicit null exception at 0x0000000002d99cd4 to 0x0000000002d9a069
Event: 14.714 Thread 0x0000000023de3800 Implicit null exception at 0x000000000323e560 to 0x000000000323eb2d

Events (10 events):
Event: 1272.277 loading class javax/swing/RepaintManager$DisplayChangedRunnable done
Event: 1273.792 Thread 0x000000001a70a000 Uncommon trap: trap_request=0xffffffde fr.pc=0x00000000033dcb40
Event: 1273.792 Thread 0x000000001a70a000 DEOPT PACKING pc=0x00000000033dcb40 sp=0x0000000023a0d990
Event: 1273.792 Thread 0x000000001a70a000 DEOPT UNPACKING pc=0x0000000002bc582a sp=0x0000000023a0d7e8 mode 2
Event: 1335.467 Thread 0x000000001a70a000 Uncommon trap: trap_request=0xffffffde fr.pc=0x00000000033dcb40
Event: 1335.467 Thread 0x000000001a70a000 DEOPT PACKING pc=0x00000000033dcb40 sp=0x0000000023a0d990
Event: 1335.467 Thread 0x000000001a70a000 DEOPT UNPACKING pc=0x0000000002bc582a sp=0x0000000023a0d7e8 mode 2
Event: 1360.888 Thread 0x000000001a70a000 Uncommon trap: trap_request=0xffffffde fr.pc=0x00000000033dcb40
Event: 1360.888 Thread 0x000000001a70a000 DEOPT PACKING pc=0x00000000033dcb40 sp=0x0000000023a0d990
Event: 1360.889 Thread 0x000000001a70a000 DEOPT UNPACKING pc=0x0000000002bc582a sp=0x0000000023a0d7e8 mode 2


Dynamic libraries:
0x00007ff74af40000 - 0x00007ff74af77000 	C:\Program Files\Java\jre1.8.0_121\bin\javaw.exe
0x00007ffe887c0000 - 0x00007ffe88991000 	C:\Windows\SYSTEM32\ntdll.dll
0x00007ffe85e50000 - 0x00007ffe85efc000 	C:\Windows\System32\KERNEL32.DLL
0x00007ffe85490000 - 0x00007ffe856ad000 	C:\Windows\System32\KERNELBASE.dll
0x00007ffe86ce0000 - 0x00007ffe86d82000 	C:\Windows\System32\ADVAPI32.dll
0x00007ffe86ae0000 - 0x00007ffe86b7e000 	C:\Windows\System32\msvcrt.dll
0x00007ffe86d90000 - 0x00007ffe86de9000 	C:\Windows\System32\sechost.dll
0x00007ffe88690000 - 0x00007ffe887b1000 	C:\Windows\System32\RPCRT4.dll
0x00007ffe86330000 - 0x00007ffe86495000 	C:\Windows\System32\USER32.dll
0x00007ffe85d30000 - 0x00007ffe85d4e000 	C:\Windows\System32\win32u.dll
0x00007ffe885c0000 - 0x00007ffe885f4000 	C:\Windows\System32\GDI32.dll
0x00007ffe859d0000 - 0x00007ffe85b52000 	C:\Windows\System32\gdi32full.dll
0x00007ffe79d80000 - 0x00007ffe79ffa000 	C:\Windows\WinSxS\amd64_microsoft.windows.common-controls_6595b64144ccf1df_6.0.14393.953_none_42151e83c686086b\COMCTL32.dll
0x00007ffe86060000 - 0x00007ffe86328000 	C:\Windows\System32\combase.dll
0x00007ffe84cb0000 - 0x00007ffe84da5000 	C:\Windows\System32\ucrtbase.dll
0x00007ffe858b0000 - 0x00007ffe8591a000 	C:\Windows\System32\bcryptPrimitives.dll
0x00007ffe85d50000 - 0x00007ffe85d7e000 	C:\Windows\System32\IMM32.DLL
0x00000000729a0000 - 0x0000000072a72000 	C:\Program Files\Java\jre1.8.0_121\bin\msvcr100.dll
0x000000006dfc0000 - 0x000000006e85b000 	C:\Program Files\Java\jre1.8.0_121\bin\server\jvm.dll
0x00007ffe88510000 - 0x00007ffe88518000 	C:\Windows\System32\PSAPI.DLL
0x00007ffe82f30000 - 0x00007ffe82f53000 	C:\Windows\SYSTEM32\WINMM.dll
0x00007ffe82680000 - 0x00007ffe82689000 	C:\Windows\SYSTEM32\WSOCK32.dll
0x00007ffe80270000 - 0x00007ffe8027a000 	C:\Windows\SYSTEM32\VERSION.dll
0x00007ffe86a70000 - 0x00007ffe86ada000 	C:\Windows\System32\WS2_32.dll
0x00007ffe82ed0000 - 0x00007ffe82efb000 	C:\Windows\SYSTEM32\WINMMBASE.dll
0x00007ffe856b0000 - 0x00007ffe856f2000 	C:\Windows\System32\cfgmgr32.dll
0x000000006dfb0000 - 0x000000006dfbf000 	C:\Program Files\Java\jre1.8.0_121\bin\verify.dll
0x000000006df80000 - 0x000000006dfa9000 	C:\Program Files\Java\jre1.8.0_121\bin\java.dll
0x000000006df60000 - 0x000000006df76000 	C:\Program Files\Java\jre1.8.0_121\bin\zip.dll
0x00007ffe86df0000 - 0x00007ffe882f8000 	C:\Windows\System32\SHELL32.dll
0x00007ffe84db0000 - 0x00007ffe8548a000 	C:\Windows\System32\windows.storage.dll
0x00007ffe84c20000 - 0x00007ffe84c6c000 	C:\Windows\System32\powrprof.dll
0x00007ffe88370000 - 0x00007ffe883c2000 	C:\Windows\System32\shlwapi.dll
0x00007ffe84c70000 - 0x00007ffe84c7f000 	C:\Windows\System32\kernel.appcore.dll
0x00007ffe85700000 - 0x00007ffe857a9000 	C:\Windows\System32\shcore.dll
0x00007ffe84c80000 - 0x00007ffe84c94000 	C:\Windows\System32\profapi.dll
0x00007ffe6c590000 - 0x00007ffe6c67f000 	C:\Program Files\Java\jre1.8.0_121\bin\msvcr120.dll
0x00007ffe6c910000 - 0x00007ffe6c9b6000 	C:\Program Files\Java\jre1.8.0_121\bin\msvcp120.dll
0x0000000072cd0000 - 0x0000000072cf2000 	C:\Program Files\Java\jre1.8.0_121\bin\prism_d3d.dll
0x00007ffe67400000 - 0x00007ffe6758d000 	C:\Windows\system32\d3d9.dll
0x00007ffe826b0000 - 0x00007ffe826d6000 	C:\Windows\SYSTEM32\dwmapi.dll
0x00007ffe83400000 - 0x00007ffe83495000 	C:\Windows\system32\uxtheme.dll
0x00007ffe802b0000 - 0x00007ffe8038f000 	C:\Windows\System32\DriverStore\FileRepository\nv_dispi.inf_amd64_a2b0acab06663645\nvldumdx.dll
0x00007ffe85b60000 - 0x00007ffe85d29000 	C:\Windows\System32\crypt32.dll
0x00007ffe84ca0000 - 0x00007ffe84cb0000 	C:\Windows\System32\MSASN1.dll
0x00007ffe85850000 - 0x00007ffe858a5000 	C:\Windows\System32\WINTRUST.DLL
0x00007ffe88600000 - 0x00007ffe8861c000 	C:\Windows\System32\imagehlp.dll
0x00007ffe84690000 - 0x00007ffe846a7000 	C:\Windows\SYSTEM32\CRYPTSP.dll
0x00007ffe840f0000 - 0x00007ffe84123000 	C:\Windows\system32\rsaenh.dll
0x00007ffe84b60000 - 0x00007ffe84b8b000 	C:\Windows\SYSTEM32\bcrypt.dll
0x00007ffe846b0000 - 0x00007ffe846bb000 	C:\Windows\SYSTEM32\CRYPTBASE.dll
0x00007ffe65250000 - 0x00007ffe66265000 	C:\Windows\System32\DriverStore\FileRepository\nv_dispi.inf_amd64_a2b0acab06663645\nvd3dumx.dll
0x00007ffe7bde0000 - 0x00007ffe7bfb5000 	C:\Windows\system32\nvspcap64.dll
0x00007ffe883d0000 - 0x00007ffe88508000 	C:\Windows\System32\ole32.dll
0x00007ffe85d80000 - 0x00007ffe85e3f000 	C:\Windows\System32\OLEAUT32.dll
0x00007ffe857b0000 - 0x00007ffe8584c000 	C:\Windows\System32\msvcp_win.dll
0x00007ffe86640000 - 0x00007ffe86a69000 	C:\Windows\System32\SETUPAPI.dll
0x00007ffe82550000 - 0x00007ffe82563000 	C:\Windows\SYSTEM32\WTSAPI32.dll
0x00007ffe7bc90000 - 0x00007ffe7bd5d000 	C:\Windows\SYSTEM32\WINHTTP.dll
0x00007ffe7b790000 - 0x00007ffe7bbb1000 	C:\Windows\system32\nvapi64.dll
0x00007ffe83b90000 - 0x00007ffe83c2f000 	C:\Windows\SYSTEM32\dxgi.dll
0x00007ffe83790000 - 0x00007ffe837b8000 	C:\Windows\SYSTEM32\DEVOBJ.dll
0x0000000072950000 - 0x0000000072993000 	C:\Program Files\Java\jre1.8.0_121\bin\glass.dll
0x00007ffe85f00000 - 0x00007ffe85ffa000 	C:\Windows\System32\COMDLG32.dll
0x00007ffe86b80000 - 0x00007ffe86cda000 	C:\Windows\System32\MSCTF.dll
0x0000000072cb0000 - 0x0000000072cc4000 	C:\Program Files\Java\jre1.8.0_121\bin\javafx_font.dll
0x00007ffe6d1e0000 - 0x00007ffe6d449000 	C:\Windows\SYSTEM32\dwrite.dll
0x000000006df40000 - 0x000000006df5a000 	C:\Program Files\Java\jre1.8.0_121\bin\net.dll
0x00007ffe844f0000 - 0x00007ffe8454c000 	C:\Windows\system32\mswsock.dll
0x000000006df20000 - 0x000000006df31000 	C:\Program Files\Java\jre1.8.0_121\bin\nio.dll
0x00000000727b0000 - 0x0000000072948000 	C:\Program Files\Java\jre1.8.0_121\bin\awt.dll
0x00007ffe831c0000 - 0x00007ffe8323a000 	C:\Windows\SYSTEM32\apphelp.dll
0x00007ffe84370000 - 0x00007ffe8438f000 	C:\Windows\SYSTEM32\USERENV.dll
0x00007ffe84270000 - 0x00007ffe842a8000 	C:\Windows\SYSTEM32\IPHLPAPI.DLL
0x00007ffe88300000 - 0x00007ffe88308000 	C:\Windows\System32\NSI.dll
0x00007ffe80e90000 - 0x00007ffe80ea6000 	C:\Windows\SYSTEM32\dhcpcsvc6.DLL
0x00007ffe80980000 - 0x00007ffe8099a000 	C:\Windows\SYSTEM32\dhcpcsvc.DLL
0x0000000072780000 - 0x00000000727aa000 	C:\Program Files\Java\jre1.8.0_121\bin\dcpr.dll
0x00007ffe68c90000 - 0x00007ffe68db3000 	C:\Windows\system32\opengl32.dll
0x00007ffe68270000 - 0x00007ffe68367000 	C:\Windows\SYSTEM32\DDRAW.dll
0x00007ffe75220000 - 0x00007ffe7524d000 	C:\Windows\SYSTEM32\GLU32.dll
0x00007ffe80090000 - 0x00007ffe80098000 	C:\Windows\SYSTEM32\DCIMAN32.dll
0x0000000072730000 - 0x0000000072777000 	C:\Program Files\Java\jre1.8.0_121\bin\fontmanager.dll
0x00007ffe88520000 - 0x00007ffe885bf000 	C:\Windows\System32\clbcatq.dll
0x00007ffe81e50000 - 0x00007ffe81ff8000 	C:\Windows\SYSTEM32\WindowsCodecs.dll
0x00007ffe83170000 - 0x00007ffe831b9000 	C:\Windows\system32\dataexchange.dll
0x00007ffe80bd0000 - 0x00007ffe80e86000 	C:\Windows\system32\d3d11.dll
0x00007ffe82980000 - 0x00007ffe82ad1000 	C:\Windows\system32\dcomp.dll
0x00007ffe83670000 - 0x00007ffe8378c000 	C:\Windows\system32\twinapi.appcore.dll
0x00007ffe842b0000 - 0x00007ffe84351000 	C:\Windows\SYSTEM32\DNSAPI.dll
0x00007ffe7b6c0000 - 0x00007ffe7b6ca000 	C:\Windows\System32\rasadhlp.dll
0x0000000072c90000 - 0x0000000072ca1000 	C:\Program Files\Java\jre1.8.0_121\bin\prism_common.dll
0x00000000726e0000 - 0x0000000072722000 	C:\Program Files\Java\jre1.8.0_121\bin\t2k.dll
0x00007ffe80570000 - 0x00007ffe805da000 	C:\Windows\System32\fwpuclnt.dll

VM Arguments:
jvm_args: -Dfile.encoding=Cp1252 
java_command: pucrs.myflight.gui.JanelaFX
java_class_path (initial): C:\Users\mauri\git\poo\MyFlight-base2\bin;C:\Users\mauri\Downloads\eclipse\plugins\org.junit_4.12.0.v201504281640\junit.jar;C:\Users\mauri\Downloads\eclipse\plugins\org.hamcrest.core_1.3.0.v201303031735.jar;C:\Users\mauri\git\poo\MyFlight-base2\commons-logging-1.2.jar;C:\Users\mauri\git\poo\MyFlight-base2\jxmapviewer.jar
Launcher Type: SUN_STANDARD

Environment Variables:
JAVA_HOME=C:\Program Files\Java\jdk1.8.0_121
PATH=C:/Program Files/Java/jre1.8.0_121/bin/server;C:/Program Files/Java/jre1.8.0_121/bin;C:/Program Files/Java/jre1.8.0_121/lib/amd64;C:\Program Files (x86)\NVIDIA Corporation\PhysX\Common;C:\ProgramData\Oracle\Java\javapath;C:\Windows\system32;C:\Windows;C:\Windows\System32\Wbem;C:\Windows\System32\WindowsPowerShell\v1.0\;C:\Program Files\Java\jdk1.8.0_121\bin;C:\Users\mauri\Downloads\eclipse;
USERNAME=mauri
OS=Windows_NT
PROCESSOR_IDENTIFIER=AMD64 Family 21 Model 2 Stepping 0, AuthenticAMD



---------------  S Y S T E M  ---------------

OS: Windows 10.0 , 64 bit Build 14393 (10.0.14393.1198)

CPU:total 6 (6 cores per cpu, 1 threads per core) family 21 model 2 stepping 0, cmov, cx8, fxsr, mmx, sse, sse2, sse3, ssse3, sse4.1, sse4.2, popcnt, avx, aes, clmul, mmxext, 3dnowpref, lzcnt, sse4a, tsc, tscinvbit, tscinv, bmi1

Memory: 4k page, physical 8370292k(1579532k free), swap 8370292k(9796k free)

vm_info: Java HotSpot(TM) 64-Bit Server VM (25.121-b13) for windows-amd64 JRE (1.8.0_121-b13), built on Dec 12 2016 18:21:36 by "java_re" with MS VC++ 10.0 (VS2010)

time: Sat Jun 17 15:13:21 2017
elapsed time: 30794 seconds (0d 8h 33m 14s)

