#
# There is insufficient memory for the Java Runtime Environment to continue.
# Native memory allocation (malloc) failed to allocate 1048576 bytes for AllocateHeap
# Possible reasons:
#   The system is out of physical RAM or swap space
#   In 32 bit mode, the process size limit was hit
# Possible solutions:
#   Reduce memory load on the system
#   Increase physical memory or swap space
#   Check if swap backing store is full
#   Use 64 bit Java on a 64 bit OS
#   Decrease Java heap size (-Xmx/-Xms)
#   Decrease number of Java threads
#   Decrease Java thread stack sizes (-Xss)
#   Set larger code cache with -XX:ReservedCodeCacheSize=
# This output file may be truncated or incomplete.
#
#  Out of Memory Error (memory/allocation.inline.hpp:61), pid=11108, tid=0x00000000000028e0
#
# JRE version:  (8.0_121-b13) (build )
# Java VM: Java HotSpot(TM) 64-Bit Server VM (25.121-b13 mixed mode windows-amd64 compressed oops)
# Failed to write core dump. Minidumps are not enabled by default on client versions of Windows
#

---------------  T H R E A D  ---------------

Current thread (0x0000000003220800):  JavaThread "Unknown thread" [_thread_in_vm, id=10464, stack(0x00000000030e0000,0x00000000031e0000)]

Stack: [0x00000000030e0000,0x00000000031e0000]
[error occurred during error reporting (printing stack bounds), id 0xc0000005]

Native frames: (J=compiled Java code, j=interpreted, Vv=VM code, C=native code)


---------------  P R O C E S S  ---------------

Java Threads: ( => current thread )

Other Threads:

=>0x0000000003220800 (exited) JavaThread "Unknown thread" [_thread_in_vm, id=10464, stack(0x00000000030e0000,0x00000000031e0000)]

VM state:not at safepoint (normal execution)

VM Mutex/Monitor currently owned by a thread: None

Heap:
 PSYoungGen      total 38400K, used 665K [0x00000000d5700000, 0x00000000d8180000, 0x0000000100000000)
  eden space 33280K, 2% used [0x00000000d5700000,0x00000000d57a6670,0x00000000d7780000)
  from space 5120K, 0% used [0x00000000d7c80000,0x00000000d7c80000,0x00000000d8180000)
  to   space 5120K, 0% used [0x00000000d7780000,0x00000000d7780000,0x00000000d7c80000)
 ParOldGen       total 87552K, used 0K [0x0000000080400000, 0x0000000085980000, 0x00000000d5700000)
  object space 87552K, 0% used [0x0000000080400000,0x0000000080400000,0x0000000085980000)
 Metaspace       used 746K, capacity 4480K, committed 4480K, reserved 1056768K
  class space    used 75K, capacity 384K, committed 384K, reserved 1048576K

Card table byte_map: [0x00000000126e0000,0x0000000012ae0000] byte_map_base: 0x00000000122de000

Marking Bits: (ParMarkBitMap*) 0x00000000723ab6d0
 Begin Bits: [0x0000000013390000, 0x0000000015380000)
 End Bits:   [0x0000000015380000, 0x0000000017370000)

Polling page: 0x0000000001920000

CodeCache: size=245760Kb used=327Kb max_used=327Kb free=245432Kb
 bounds [0x0000000003320000, 0x0000000003590000, 0x0000000012320000]
 total_blobs=57 nmethods=0 adapters=38
 compilation: enabled

Compilation events (0 events):
No events

GC Heap History (0 events):
No events

Deoptimization events (0 events):
No events

Internal exceptions (0 events):
No events

Events (10 events):
Event: 0.039 loading class java/lang/Short
Event: 0.039 loading class java/lang/Short done
Event: 0.039 loading class java/lang/Integer
Event: 0.039 loading class java/lang/Integer done
Event: 0.039 loading class java/lang/Long
Event: 0.039 loading class java/lang/Long done
Event: 0.040 loading class java/lang/NullPointerException
Event: 0.040 loading class java/lang/NullPointerException done
Event: 0.040 loading class java/lang/ArithmeticException
Event: 0.040 loading class java/lang/ArithmeticException done


Dynamic libraries:
0x00007ff7e67b0000 - 0x00007ff7e67e7000 	C:\Program Files\Java\jre1.8.0_121\bin\javaw.exe
0x00007ffe887c0000 - 0x00007ffe88991000 	C:\Windows\SYSTEM32\ntdll.dll
0x00007ffe85e50000 - 0x00007ffe85efc000 	C:\Windows\System32\KERNEL32.DLL
0x00007ffe85490000 - 0x00007ffe856ad000 	C:\Windows\System32\KERNELBASE.dll
0x00007ffe86ce0000 - 0x00007ffe86d82000 	C:\Windows\System32\ADVAPI32.dll
0x00007ffe86ae0000 - 0x00007ffe86b7e000 	C:\Windows\System32\msvcrt.dll
0x00007ffe86d90000 - 0x00007ffe86de9000 	C:\Windows\System32\sechost.dll
0x00007ffe88690000 - 0x00007ffe887b1000 	C:\Windows\System32\RPCRT4.dll
0x00007ffe86330000 - 0x00007ffe86495000 	C:\Windows\System32\USER32.dll
0x00007ffe85d30000 - 0x00007ffe85d4e000 	C:\Windows\System32\win32u.dll
0x00007ffe885c0000 - 0x00007ffe885f4000 	C:\Windows\System32\GDI32.dll
0x00007ffe859d0000 - 0x00007ffe85b52000 	C:\Windows\System32\gdi32full.dll
0x00007ffe79d80000 - 0x00007ffe79ffa000 	C:\Windows\WinSxS\amd64_microsoft.windows.common-controls_6595b64144ccf1df_6.0.14393.953_none_42151e83c686086b\COMCTL32.dll
0x00007ffe86060000 - 0x00007ffe86328000 	C:\Windows\System32\combase.dll
0x00007ffe84cb0000 - 0x00007ffe84da5000 	C:\Windows\System32\ucrtbase.dll
0x00007ffe858b0000 - 0x00007ffe8591a000 	C:\Windows\System32\bcryptPrimitives.dll
0x00007ffe85d50000 - 0x00007ffe85d7e000 	C:\Windows\System32\IMM32.DLL
0x0000000071a80000 - 0x0000000071b52000 	C:\Program Files\Java\jre1.8.0_121\bin\msvcr100.dll
0x0000000071b90000 - 0x000000007242b000 	C:\Program Files\Java\jre1.8.0_121\bin\server\jvm.dll
0x00007ffe88510000 - 0x00007ffe88518000 	C:\Windows\System32\PSAPI.DLL
0x00007ffe82f30000 - 0x00007ffe82f53000 	C:\Windows\SYSTEM32\WINMM.dll
0x00007ffe80270000 - 0x00007ffe8027a000 	C:\Windows\SYSTEM32\VERSION.dll
0x00007ffe82680000 - 0x00007ffe82689000 	C:\Windows\SYSTEM32\WSOCK32.dll
0x00007ffe86a70000 - 0x00007ffe86ada000 	C:\Windows\System32\WS2_32.dll
0x00007ffe82ed0000 - 0x00007ffe82efb000 	C:\Windows\SYSTEM32\WINMMBASE.dll
0x00007ffe856b0000 - 0x00007ffe856f2000 	C:\Windows\System32\cfgmgr32.dll
0x0000000072cf0000 - 0x0000000072cff000 	C:\Program Files\Java\jre1.8.0_121\bin\verify.dll
0x0000000072cc0000 - 0x0000000072ce9000 	C:\Program Files\Java\jre1.8.0_121\bin\java.dll
0x0000000072ca0000 - 0x0000000072cb6000 	C:\Program Files\Java\jre1.8.0_121\bin\zip.dll

VM Arguments:
jvm_args: -Dfile.encoding=Cp1252 
java_command: pucrs.myflight.gui.JanelaFX
java_class_path (initial): C:\Users\mauri\git\poo\MyFlight-base2\bin;C:\Users\mauri\Downloads\eclipse\plugins\org.junit_4.12.0.v201504281640\junit.jar;C:\Users\mauri\Downloads\eclipse\plugins\org.hamcrest.core_1.3.0.v201303031735.jar;C:\Users\mauri\git\poo\MyFlight-base2\commons-logging-1.2.jar;C:\Users\mauri\git\poo\MyFlight-base2\jxmapviewer.jar
Launcher Type: SUN_STANDARD

Environment Variables:
JAVA_HOME=C:\Program Files\Java\jdk1.8.0_121
PATH=C:/Program Files/Java/jre1.8.0_121/bin/server;C:/Program Files/Java/jre1.8.0_121/bin;C:/Program Files/Java/jre1.8.0_121/lib/amd64;C:\Program Files (x86)\NVIDIA Corporation\PhysX\Common;C:\ProgramData\Oracle\Java\javapath;C:\Windows\system32;C:\Windows;C:\Windows\System32\Wbem;C:\Windows\System32\WindowsPowerShell\v1.0\;C:\Program Files\Java\jdk1.8.0_121\bin;C:\Users\mauri\Downloads\eclipse;
USERNAME=mauri
OS=Windows_NT
PROCESSOR_IDENTIFIER=AMD64 Family 21 Model 2 Stepping 0, AuthenticAMD



---------------  S Y S T E M  ---------------

OS: Windows 10.0 , 64 bit Build 14393 (10.0.14393.1198)

CPU:total 6 (6 cores per cpu, 1 threads per core) family 21 model 2 stepping 0, cmov, cx8, fxsr, mmx, sse, sse2, sse3, ssse3, sse4.1, sse4.2, popcnt, avx, aes, clmul, mmxext, 3dnowpref, lzcnt, sse4a, tsc, tscinvbit, tscinv, bmi1

Memory: 4k page, physical 8370292k(2738944k free), swap 8370292k(5848k free)

vm_info: Java HotSpot(TM) 64-Bit Server VM (25.121-b13) for windows-amd64 JRE (1.8.0_121-b13), built on Dec 12 2016 18:21:36 by "java_re" with MS VC++ 10.0 (VS2010)

time: Fri Jun 16 16:09:13 2017
elapsed time: 0 seconds (0d 0h 0m 0s)

